<?xml version="1.0" encoding="UTF-8"?>
<testsuite xmlns:xsi="http://www.w3.org/2001/XMLSchema-instance" xsi:noNamespaceSchemaLocation="https://maven.apache.org/surefire/maven-surefire-plugin/xsd/surefire-test-report.xsd" name="TestSuite" time="102.639" tests="5" errors="0" skipped="0" failures="1">
  <properties>
[...]
</properties>
  <testcase name="firstTest" classname="ProjectTest" time="3.911"/>
  <testcase name="secondTest" classname="ProjectTest2" time="9.001">
    <failure message="expected [630, 224] but found [630, 206]" type="java.lang.AssertionError">java.lang.AssertionError: expected [630, 224] but found [630, 206]
	at ProjectTest2.secondTest(ProjectTest2.java:49)
</failure>
    <system-out><![CDATA[Location of IMDb rating section begins on: 630, 206
]]></system-out>
    <system-err><![CDATA[Starting ChromeDriver 78.0.3904.105 (60e2d8774a8151efa6a00b1f358371b1e0e07ee2-refs/branch-heads/3904@{#877}) on port 32891
Only local connections are allowed.
Please protect ports used by ChromeDriver and related test frameworks to prevent access by malicious code.
[1580993227.845][WARNING]: This version of ChromeDriver has not been tested with Chrome version 79.
[1580993229.858][WARNING]: Timed out connecting to Chrome, retrying...
Feb 06, 2020 1:47:11 PM org.openqa.selenium.remote.ProtocolHandshake createSession
INFO: Detected dialect: W3C
[1580993235.128][WARNING]: Timed out connecting to Chrome, retrying...
]]></system-err>
  </testcase>
  <testcase name="thirdTest" classname="ProjectTest3" time="15.769"/>
  <testcase name="fourthTest" classname="ProjectTest4" time="8.175"/>
  <testcase name="fifthTest" classname="ProjectTest5" time="7.644"/>
</testsuite>