-------------------------------------------------------------------------------
Test set: TestSuite
-------------------------------------------------------------------------------
Tests run: 5, Failures: 1, Errors: 0, Skipped: 0, Time elapsed: 102.639 s <<< FAILURE! - in TestSuite
secondTest(ProjectTest2)  Time elapsed: 9.001 s  <<< FAILURE!
java.lang.AssertionError: expected [630, 224] but found [630, 206]
	at ProjectTest2.secondTest(ProjectTest2.java:49)

