<?xml version="1.0" encoding="UTF-8"?>
<!-- Generated by org.testng.reporters.JUnitXMLReporter -->
<testsuite hostname="DESKTOP-S9CODJT" ignored="0" tests="5" failures="0" timestamp="2020-02-05T20:39:25 CET" time="101.036" errors="0">
  <testcase name="fifthTest" time="8.066" classname="ProjectTest"/>
  <testcase name="firstTest" time="3.666" classname="ProjectTest"/>
  <testcase name="fourthTest" time="9.09" classname="ProjectTest"/>
  <testcase name="secondTest" time="8.251" classname="ProjectTest"/>
  <testcase name="thirdTest" time="14.417" classname="ProjectTest"/>
</testsuite>
